perl: warning: Setting locale failed.
perl: warning: Please check that your locale settings:
	LANGUAGE = (unset),
	LC_ALL = (unset),
	LANG = "en_US.UTF-8"
    are supported and installed on your system.
perl: warning: Falling back to the standard locale ("C").
nmeta 46 (boot, super, log blocks 30 inode blocks 13, bitmap blocks 1) blocks 954 total 1000
balloc: first 759 blocks have been allocated
balloc: write bitmap block at sector 45
*** Now run 'gdb' in another window.

xv6 kernel is booting

hart 1 starting
hart 2 starting
init: starting sh
$ mp2_1
page table 0x0000000087f57000
├── 0: pte=0x0000000087f57000 va=0x0000000000000000 pa=0x0000000087f53000 V
│   └── 0: pte=0x0000000087f53000 va=0x0000000000000000 pa=0x0000000087f52000 V
│       ├── 0: pte=0x0000000087f52000 va=0x0000000000000000 pa=0x0000000087f54000 V R W X U
│       ├── 1: pte=0x0000000087f52008 va=0x0000000000001000 pa=0x0000000087f51000 V R W X
│       └── 2: pte=0x0000000087f52010 va=0x0000000000002000 pa=0x0000000087f50000 V R W X U
└── 255: pte=0x0000000087f577f8 va=0x0000003fc0000000 pa=0x0000000087f56000 V
    └── 511: pte=0x0000000087f56ff8 va=0x0000003fffe00000 pa=0x0000000087f55000 V
        ├── 510: pte=0x0000000087f55ff0 va=0x0000003fffffe000 pa=0x0000000087f65000 V R W
        └── 511: pte=0x0000000087f55ff8 va=0x0000003ffffff000 pa=0x0000000080007000 V R X
$ qemu-system-riscv64: terminating on signal 15 from pid 390848 (make)
